[debug] [2019-06-12T14:23:37.976Z] ----------------------------------------------------------------------
[debug] [2019-06-12T14:23:37.977Z] Command:       /Users/cpandit/.nvm/versions/node/v8.15.0/bin/node /Users/cpandit/.nvm/versions/node/v8.15.0/bin/firebase deploy
[debug] [2019-06-12T14:23:37.977Z] CLI Version:   6.11.0
[debug] [2019-06-12T14:23:37.977Z] Platform:      darwin
[debug] [2019-06-12T14:23:37.977Z] Node Version:  v8.15.0
[debug] [2019-06-12T14:23:37.978Z] Time:          Wed Jun 12 2019 19:53:37 GMT+0530 (IST)
[debug] [2019-06-12T14:23:37.978Z] ----------------------------------------------------------------------
[debug] 
[debug] [2019-06-12T14:23:37.985Z] > command requires scopes: ["email","openid","https://www.googleapis.com/auth/cloudplatformprojects.readonly","https://www.googleapis.com/auth/firebase","https://www.googleapis.com/auth/cloud-platform"]
[debug] [2019-06-12T14:23:37.985Z] > authorizing via signed-in user
[debug] [2019-06-12T14:23:37.985Z] [iam] checking project a-positronium for permissions ["cloudfunctions.functions.create","cloudfunctions.functions.delete","cloudfunctions.functions.get","cloudfunctions.functions.list","cloudfunctions.functions.update","cloudfunctions.operations.get","datastore.indexes.create","datastore.indexes.delete","datastore.indexes.list","datastore.indexes.update","firebase.projects.get","firebasedatabase.instances.update","firebasehosting.sites.update","firebaserules.releases.create","firebaserules.releases.update","firebaserules.rulesets.create"]
[debug] [2019-06-12T14:23:37.986Z] >>> HTTP REQUEST POST https://cloudresourcemanager.googleapis.com/v1/projects/a-positronium:testIamPermissions  

[debug] [2019-06-12T14:23:40.060Z] <<< HTTP RESPONSE 200
[debug] [2019-06-12T14:23:40.062Z] >>> HTTP REQUEST GET https://firebase.googleapis.com/v1beta1/projects/a-positronium  
 
[debug] [2019-06-12T14:23:40.748Z] <<< HTTP RESPONSE 200
[info] 
[info] === Deploying to 'a-positronium'...
[info] 
[info] i  deploying database, storage, firestore, functions, hosting
[info] i  database: checking rules syntax...
[debug] [2019-06-12T14:23:42.228Z] >>> HTTP REQUEST PUT https://a-positronium.firebaseio.com/.settings/rules.json?dryRun=true  
 {
  /* Visit https://firebase.google.com/docs/database/security to learn more about security rules. */
  "rules": {
    ".read": false,
    ".write": false
  }
}
[debug] [2019-06-12T14:23:44.007Z] <<< HTTP RESPONSE 200
[info] ✔  database: rules syntax for database a-positronium is valid
[debug] [2019-06-12T14:23:44.009Z] >>> HTTP REQUEST GET https://appengine.googleapis.com/v1/apps/a-positronium  
 
[debug] [2019-06-12T14:23:46.205Z] <<< HTTP RESPONSE 200
[info] i  storage: checking storage.rules for compilation errors...
[debug] [2019-06-12T14:23:46.207Z] >>> HTTP REQUEST POST https://firebaserules.googleapis.com/v1/projects/a-positronium:test  

[debug] [2019-06-12T14:23:48.104Z] <<< HTTP RESPONSE 200
[info] ✔  storage: rules file storage.rules compiled successfully
[info] i  firestore: checking firestore.rules for compilation errors...
[info] i  firestore: reading indexes from firestore.indexes.json...
[debug] [2019-06-12T14:23:48.106Z] >>> HTTP REQUEST POST https://firebaserules.googleapis.com/v1/projects/a-positronium:test  

[debug] [2019-06-12T14:23:49.747Z] <<< HTTP RESPONSE 200
[info] ✔  firestore: rules file firestore.rules compiled successfully
[debug] [2019-06-12T14:23:49.750Z] > [functions] package.json contents: {
  "name": "functions",
  "description": "Cloud Functions for Firebase",
  "scripts": {
    "serve": "firebase serve --only functions",
    "shell": "firebase functions:shell",
    "start": "npm run shell",
    "deploy": "firebase deploy --only functions",
    "logs": "firebase functions:log"
  },
  "engines": {
    "node": "8"
  },
  "dependencies": {
    "firebase-admin": "~7.0.0",
    "firebase-functions": "^2.3.0"
  },
  "devDependencies": {
    "firebase-functions-test": "^0.1.6"
  },
  "private": true
}
[info] i  functions: ensuring necessary APIs are enabled...
[debug] [2019-06-12T14:23:49.750Z] >>> HTTP REQUEST GET https://servicemanagement.googleapis.com/v1/services/cloudfunctions.googleapis.com/projectSettings/a-positronium?view=CONSUMER_VIEW  
 
[debug] [2019-06-12T14:23:49.751Z] >>> HTTP REQUEST GET https://servicemanagement.googleapis.com/v1/services/runtimeconfig.googleapis.com/projectSettings/a-positronium?view=CONSUMER_VIEW  
 
[debug] [2019-06-12T14:23:52.533Z] <<< HTTP RESPONSE 200
[debug] [2019-06-12T14:23:52.567Z] <<< HTTP RESPONSE 200
[info] ✔  functions: all necessary APIs are enabled
[debug] [2019-06-12T14:23:52.567Z] >>> HTTP REQUEST GET https://cloudresourcemanager.googleapis.com/v1/projects/a-positronium  
 
[debug] [2019-06-12T14:23:54.258Z] <<< HTTP RESPONSE 200
[debug] [2019-06-12T14:23:54.259Z] >>> HTTP REQUEST GET https://mobilesdk-pa.googleapis.com/v1/projects/284632398484:getServerAppConfig  
 
[debug] [2019-06-12T14:23:54.810Z] <<< HTTP RESPONSE 200
[debug] [2019-06-12T14:23:54.812Z] >>> HTTP REQUEST POST https://firebasehosting.googleapis.com/v1beta1/sites/a-positronium/versions  

